2023-07-20 10:28:24,519 =====EPOCH 0=====
2023-07-20 10:28:38,402 Epoch: 0 	Batch 0: {'loss': 0.8416178226470947, 'reconstruction_output_loss': 1.0028326511383057, 'classification_output_loss': 0.801314115524292}
2023-07-20 10:30:42,558 Epoch: 0 	Batch 100: {'loss': 0.466289222240448, 'reconstruction_output_loss': 0.08925377577543259, 'classification_output_loss': 0.5605480670928955}
2023-07-20 10:32:45,334 Epoch: 0 	Batch 200: {'loss': 0.3648017644882202, 'reconstruction_output_loss': 0.07537150382995605, 'classification_output_loss': 0.43715929985046387}
2023-07-20 10:34:47,472 Epoch: 0 	Batch 300: {'loss': 0.48749110102653503, 'reconstruction_output_loss': 0.0786161720752716, 'classification_output_loss': 0.5897098183631897}
2023-07-20 10:36:48,928 Epoch: 0 	Batch 400: {'loss': 0.36041733622550964, 'reconstruction_output_loss': 0.08371508866548538, 'classification_output_loss': 0.42959290742874146}
2023-07-20 10:38:46,421 Epoch: 0 	Batch 500: {'loss': 0.38921383023262024, 'reconstruction_output_loss': 0.07323936372995377, 'classification_output_loss': 0.468207448720932}
2023-07-20 10:40:40,204 Epoch: 0 	Batch 600: {'loss': 0.37884610891342163, 'reconstruction_output_loss': 0.06440011411905289, 'classification_output_loss': 0.45745760202407837}
2023-07-20 10:42:33,240 Epoch: 0 	Batch 700: {'loss': 0.41534316539764404, 'reconstruction_output_loss': 0.06285851448774338, 'classification_output_loss': 0.5034643411636353}
2023-07-20 10:44:26,159 Epoch: 0 	Batch 800: {'loss': 0.31551310420036316, 'reconstruction_output_loss': 0.07345716655254364, 'classification_output_loss': 0.37602707743644714}
2023-07-20 10:46:20,052 Epoch: 0 	Batch 900: {'loss': 0.27347037196159363, 'reconstruction_output_loss': 0.06265854090452194, 'classification_output_loss': 0.326173335313797}
2023-07-20 10:48:13,037 Epoch: 0 	Batch 1000: {'loss': 0.375617116689682, 'reconstruction_output_loss': 0.06652916222810745, 'classification_output_loss': 0.452889084815979}
2023-07-20 10:50:07,207 Epoch: 0 	Batch 1100: {'loss': 0.28866273164749146, 'reconstruction_output_loss': 0.06597206741571426, 'classification_output_loss': 0.3443353772163391}
2023-07-20 10:52:02,179 Epoch: 0 	Batch 1200: {'loss': 0.2792491912841797, 'reconstruction_output_loss': 0.05669783428311348, 'classification_output_loss': 0.3348870277404785}
2023-07-20 10:53:57,083 Epoch: 0 	Batch 1300: {'loss': 0.2905549705028534, 'reconstruction_output_loss': 0.05768889933824539, 'classification_output_loss': 0.34877145290374756}
2023-07-20 10:55:52,168 Epoch: 0 	Batch 1400: {'loss': 0.39292460680007935, 'reconstruction_output_loss': 0.06843167543411255, 'classification_output_loss': 0.47404783964157104}
2023-07-20 10:56:26,478 Epoch time 1681.9571373462677
2023-07-20 10:56:26,478 Saving models
2023-07-20 10:56:30,398 =====EPOCH 1=====
2023-07-20 10:56:31,591 Epoch: 1 	Batch 0: {'loss': 0.46242350339889526, 'reconstruction_output_loss': 0.06042998284101486, 'classification_output_loss': 0.5629218816757202}
2023-07-20 10:58:25,549 Epoch: 1 	Batch 100: {'loss': 0.45814138650894165, 'reconstruction_output_loss': 0.068153515458107, 'classification_output_loss': 0.555638313293457}
2023-07-20 11:00:17,758 Epoch: 1 	Batch 200: {'loss': 0.35933756828308105, 'reconstruction_output_loss': 0.05790159851312637, 'classification_output_loss': 0.4346965551376343}
2023-07-20 11:02:10,523 Epoch: 1 	Batch 300: {'loss': 0.4718102216720581, 'reconstruction_output_loss': 0.06509239971637726, 'classification_output_loss': 0.5734896659851074}
2023-07-20 11:04:03,183 Epoch: 1 	Batch 400: {'loss': 0.3588917553424835, 'reconstruction_output_loss': 0.07038265466690063, 'classification_output_loss': 0.43101900815963745}
2023-07-20 11:05:55,878 Epoch: 1 	Batch 500: {'loss': 0.3752162456512451, 'reconstruction_output_loss': 0.0662216767668724, 'classification_output_loss': 0.45246487855911255}
2023-07-20 11:07:48,704 Epoch: 1 	Batch 600: {'loss': 0.3370489180088043, 'reconstruction_output_loss': 0.06279449164867401, 'classification_output_loss': 0.4056124985218048}
2023-07-20 11:09:41,856 Epoch: 1 	Batch 700: {'loss': 0.3292495012283325, 'reconstruction_output_loss': 0.05562625080347061, 'classification_output_loss': 0.39765533804893494}
2023-07-20 11:11:34,479 Epoch: 1 	Batch 800: {'loss': 0.3084806203842163, 'reconstruction_output_loss': 0.07381371408700943, 'classification_output_loss': 0.3671473562717438}
2023-07-20 11:13:27,233 Epoch: 1 	Batch 900: {'loss': 0.1976114809513092, 'reconstruction_output_loss': 0.058632079511880875, 'classification_output_loss': 0.23235633969306946}
2023-07-20 11:15:20,129 Epoch: 1 	Batch 1000: {'loss': 0.30877524614334106, 'reconstruction_output_loss': 0.07477712631225586, 'classification_output_loss': 0.36727476119995117}
2023-07-20 11:17:12,906 Epoch: 1 	Batch 1100: {'loss': 0.29825663566589355, 'reconstruction_output_loss': 0.06698689609766006, 'classification_output_loss': 0.35607409477233887}
2023-07-20 11:19:06,056 Epoch: 1 	Batch 1200: {'loss': 0.20379269123077393, 'reconstruction_output_loss': 0.05641530081629753, 'classification_output_loss': 0.24063704907894135}
2023-07-20 11:20:58,820 Epoch: 1 	Batch 1300: {'loss': 0.24997663497924805, 'reconstruction_output_loss': 0.0552581325173378, 'classification_output_loss': 0.29865625500679016}
2023-07-20 11:22:52,254 Epoch: 1 	Batch 1400: {'loss': 0.29072698950767517, 'reconstruction_output_loss': 0.05866667255759239, 'classification_output_loss': 0.3487420678138733}
2023-07-20 11:23:25,855 Epoch time 1615.4567058086395
2023-07-20 11:23:25,855 Saving models
2023-07-20 11:23:29,790 =====EPOCH 2=====
2023-07-20 11:23:31,032 Epoch: 2 	Batch 0: {'loss': 0.31516367197036743, 'reconstruction_output_loss': 0.0625644326210022, 'classification_output_loss': 0.37831348180770874}
2023-07-20 11:25:24,929 Epoch: 2 	Batch 100: {'loss': 0.3808284103870392, 'reconstruction_output_loss': 0.065615713596344, 'classification_output_loss': 0.4596315622329712}
2023-07-20 11:27:17,099 Epoch: 2 	Batch 200: {'loss': 0.3909519910812378, 'reconstruction_output_loss': 0.05521002039313316, 'classification_output_loss': 0.474887490272522}
2023-07-20 11:29:10,011 Epoch: 2 	Batch 300: {'loss': 0.4419766962528229, 'reconstruction_output_loss': 0.0597836896777153, 'classification_output_loss': 0.537524938583374}
2023-07-20 11:31:02,560 Epoch: 2 	Batch 400: {'loss': 0.34798145294189453, 'reconstruction_output_loss': 0.05409121885895729, 'classification_output_loss': 0.4214540123939514}
2023-07-20 11:32:54,930 Epoch: 2 	Batch 500: {'loss': 0.30579182505607605, 'reconstruction_output_loss': 0.0643097534775734, 'classification_output_loss': 0.36616235971450806}
2023-07-20 11:34:47,796 Epoch: 2 	Batch 600: {'loss': 0.20716208219528198, 'reconstruction_output_loss': 0.057253651320934296, 'classification_output_loss': 0.24463920295238495}
2023-07-20 11:36:40,410 Epoch: 2 	Batch 700: {'loss': 0.23954543471336365, 'reconstruction_output_loss': 0.052516717463731766, 'classification_output_loss': 0.2863026261329651}
2023-07-20 11:38:33,243 Epoch: 2 	Batch 800: {'loss': 0.25706151127815247, 'reconstruction_output_loss': 0.06121782585978508, 'classification_output_loss': 0.30602243542671204}
2023-07-20 11:40:25,713 Epoch: 2 	Batch 900: {'loss': 0.19058841466903687, 'reconstruction_output_loss': 0.05560528114438057, 'classification_output_loss': 0.2243342101573944}
2023-07-20 11:42:18,573 Epoch: 2 	Batch 1000: {'loss': 0.28684523701667786, 'reconstruction_output_loss': 0.0665309876203537, 'classification_output_loss': 0.3419238030910492}
2023-07-20 11:44:11,841 Epoch: 2 	Batch 1100: {'loss': 0.21577966213226318, 'reconstruction_output_loss': 0.05274929851293564, 'classification_output_loss': 0.2565372586250305}
2023-07-20 11:46:04,625 Epoch: 2 	Batch 1200: {'loss': 0.17147919535636902, 'reconstruction_output_loss': 0.04770093038678169, 'classification_output_loss': 0.20242375135421753}
2023-07-20 11:47:57,932 Epoch: 2 	Batch 1300: {'loss': 0.215406134724617, 'reconstruction_output_loss': 0.05524945259094238, 'classification_output_loss': 0.25544530153274536}
2023-07-20 11:49:51,054 Epoch: 2 	Batch 1400: {'loss': 0.282025009393692, 'reconstruction_output_loss': 0.057317908853292465, 'classification_output_loss': 0.33820176124572754}
2023-07-20 11:50:25,285 Epoch time 1615.4951748847961
2023-07-20 11:50:25,286 Saving models
2023-07-20 11:50:29,161 =====EPOCH 3=====
2023-07-20 11:50:30,344 Epoch: 3 	Batch 0: {'loss': 0.31634294986724854, 'reconstruction_output_loss': 0.05619976297020912, 'classification_output_loss': 0.38137874007225037}
2023-07-20 11:52:24,381 Epoch: 3 	Batch 100: {'loss': 0.3269073963165283, 'reconstruction_output_loss': 0.06063491851091385, 'classification_output_loss': 0.3934755027294159}
2023-07-20 11:54:16,572 Epoch: 3 	Batch 200: {'loss': 0.32456690073013306, 'reconstruction_output_loss': 0.05466702952980995, 'classification_output_loss': 0.3920418620109558}
2023-07-20 11:56:09,008 Epoch: 3 	Batch 300: {'loss': 0.47588595747947693, 'reconstruction_output_loss': 0.05687732994556427, 'classification_output_loss': 0.5806381106376648}
2023-07-20 11:58:01,304 Epoch: 3 	Batch 400: {'loss': 0.24089720845222473, 'reconstruction_output_loss': 0.05194178968667984, 'classification_output_loss': 0.2881360650062561}
2023-07-20 11:59:53,802 Epoch: 3 	Batch 500: {'loss': 0.33764830231666565, 'reconstruction_output_loss': 0.05676419660449028, 'classification_output_loss': 0.4078693389892578}
2023-07-20 12:01:46,170 Epoch: 3 	Batch 600: {'loss': 0.22753778100013733, 'reconstruction_output_loss': 0.05862908810377121, 'classification_output_loss': 0.2697649598121643}
2023-07-20 12:03:38,390 Epoch: 3 	Batch 700: {'loss': 0.19734787940979004, 'reconstruction_output_loss': 0.04982057958841324, 'classification_output_loss': 0.23422971367835999}
2023-07-20 12:05:31,498 Epoch: 3 	Batch 800: {'loss': 0.26086241006851196, 'reconstruction_output_loss': 0.05677776038646698, 'classification_output_loss': 0.3118835687637329}
2023-07-20 12:07:24,107 Epoch: 3 	Batch 900: {'loss': 0.21040524542331696, 'reconstruction_output_loss': 0.05555634945631027, 'classification_output_loss': 0.24911746382713318}
2023-07-20 12:09:16,388 Epoch: 3 	Batch 1000: {'loss': 0.27866148948669434, 'reconstruction_output_loss': 0.06001373380422592, 'classification_output_loss': 0.3333234488964081}
2023-07-20 12:11:09,218 Epoch: 3 	Batch 1100: {'loss': 0.21249468624591827, 'reconstruction_output_loss': 0.04940732568502426, 'classification_output_loss': 0.25326651334762573}
2023-07-20 12:13:02,078 Epoch: 3 	Batch 1200: {'loss': 0.16377845406532288, 'reconstruction_output_loss': 0.049384765326976776, 'classification_output_loss': 0.19237688183784485}
2023-07-20 12:14:54,363 Epoch: 3 	Batch 1300: {'loss': 0.26578569412231445, 'reconstruction_output_loss': 0.050928760319948196, 'classification_output_loss': 0.3194999098777771}
2023-07-20 12:16:47,685 Epoch: 3 	Batch 1400: {'loss': 0.26335111260414124, 'reconstruction_output_loss': 0.05419762805104256, 'classification_output_loss': 0.3156394958496094}
2023-07-20 12:17:21,626 Epoch time 1612.4646427631378
2023-07-20 12:17:21,626 Saving models
2023-07-20 12:17:25,507 =====EPOCH 4=====
2023-07-20 12:17:26,688 Epoch: 4 	Batch 0: {'loss': 0.3531017005443573, 'reconstruction_output_loss': 0.05134451016783714, 'classification_output_loss': 0.42854100465774536}
2023-07-20 12:19:21,097 Epoch: 4 	Batch 100: {'loss': 0.3383685350418091, 'reconstruction_output_loss': 0.05752696841955185, 'classification_output_loss': 0.40857890248298645}
2023-07-20 12:21:13,923 Epoch: 4 	Batch 200: {'loss': 0.3949488699436188, 'reconstruction_output_loss': 0.05179154872894287, 'classification_output_loss': 0.48073819279670715}
2023-07-20 12:23:06,756 Epoch: 4 	Batch 300: {'loss': 0.4378052055835724, 'reconstruction_output_loss': 0.056799452751874924, 'classification_output_loss': 0.5330566167831421}
2023-07-20 12:24:59,561 Epoch: 4 	Batch 400: {'loss': 0.2863473892211914, 'reconstruction_output_loss': 0.0498286634683609, 'classification_output_loss': 0.34547704458236694}
2023-07-20 12:26:52,333 Epoch: 4 	Batch 500: {'loss': 0.34847375750541687, 'reconstruction_output_loss': 0.051400668919086456, 'classification_output_loss': 0.42274200916290283}
2023-07-20 12:28:44,982 Epoch: 4 	Batch 600: {'loss': 0.1938059777021408, 'reconstruction_output_loss': 0.05385459214448929, 'classification_output_loss': 0.22879382967948914}
2023-07-20 12:30:37,787 Epoch: 4 	Batch 700: {'loss': 0.2479601502418518, 'reconstruction_output_loss': 0.05242089554667473, 'classification_output_loss': 0.2968449592590332}
2023-07-20 12:32:30,353 Epoch: 4 	Batch 800: {'loss': 0.27928170561790466, 'reconstruction_output_loss': 0.05038529634475708, 'classification_output_loss': 0.33650580048561096}
2023-07-20 12:34:22,801 Epoch: 4 	Batch 900: {'loss': 0.20808231830596924, 'reconstruction_output_loss': 0.05633139982819557, 'classification_output_loss': 0.24602004885673523}
2023-07-20 12:36:15,059 Epoch: 4 	Batch 1000: {'loss': 0.27062785625457764, 'reconstruction_output_loss': 0.05541001632809639, 'classification_output_loss': 0.3244323134422302}
2023-07-20 12:38:07,892 Epoch: 4 	Batch 1100: {'loss': 0.1795385330915451, 'reconstruction_output_loss': 0.05036025494337082, 'classification_output_loss': 0.21183310449123383}
2023-07-20 12:40:00,990 Epoch: 4 	Batch 1200: {'loss': 0.1340784877538681, 'reconstruction_output_loss': 0.046940699219703674, 'classification_output_loss': 0.1558629423379898}
2023-07-20 12:41:53,973 Epoch: 4 	Batch 1300: {'loss': 0.25602519512176514, 'reconstruction_output_loss': 0.04793496057391167, 'classification_output_loss': 0.30804774165153503}
2023-07-20 12:43:47,122 Epoch: 4 	Batch 1400: {'loss': 0.2562926709651947, 'reconstruction_output_loss': 0.053433578461408615, 'classification_output_loss': 0.30700743198394775}
2023-07-20 12:44:21,387 Epoch time 1615.8797307014465
2023-07-20 12:44:21,387 Saving models
2023-07-20 12:44:26,199 =====EPOCH 5=====
2023-07-20 12:44:27,370 Epoch: 5 	Batch 0: {'loss': 0.24180637300014496, 'reconstruction_output_loss': 0.04769178852438927, 'classification_output_loss': 0.2903350293636322}
2023-07-20 12:46:21,620 Epoch: 5 	Batch 100: {'loss': 0.2844672203063965, 'reconstruction_output_loss': 0.050718940794467926, 'classification_output_loss': 0.342904269695282}
2023-07-20 12:48:14,316 Epoch: 5 	Batch 200: {'loss': 0.2736995816230774, 'reconstruction_output_loss': 0.048241470009088516, 'classification_output_loss': 0.3300640881061554}
2023-07-20 12:50:07,518 Epoch: 5 	Batch 300: {'loss': 0.421509325504303, 'reconstruction_output_loss': 0.05262010544538498, 'classification_output_loss': 0.5137315988540649}
2023-07-20 12:52:00,390 Epoch: 5 	Batch 400: {'loss': 0.24937643110752106, 'reconstruction_output_loss': 0.05125831067562103, 'classification_output_loss': 0.29890596866607666}
2023-07-20 12:53:53,209 Epoch: 5 	Batch 500: {'loss': 0.30643320083618164, 'reconstruction_output_loss': 0.05025627091526985, 'classification_output_loss': 0.37047743797302246}
2023-07-20 12:55:46,093 Epoch: 5 	Batch 600: {'loss': 0.18735371530056, 'reconstruction_output_loss': 0.05142511427402496, 'classification_output_loss': 0.22133585810661316}
2023-07-20 12:57:39,450 Epoch: 5 	Batch 700: {'loss': 0.25760355591773987, 'reconstruction_output_loss': 0.043444517999887466, 'classification_output_loss': 0.31114330887794495}
2023-07-20 12:59:32,660 Epoch: 5 	Batch 800: {'loss': 0.267228364944458, 'reconstruction_output_loss': 0.045951906591653824, 'classification_output_loss': 0.32254746556282043}
2023-07-20 13:01:25,454 Epoch: 5 	Batch 900: {'loss': 0.20129753649234772, 'reconstruction_output_loss': 0.04836232215166092, 'classification_output_loss': 0.23953133821487427}
2023-07-20 13:03:18,551 Epoch: 5 	Batch 1000: {'loss': 0.3997661769390106, 'reconstruction_output_loss': 0.05428556352853775, 'classification_output_loss': 0.4861363172531128}
2023-07-20 13:05:12,051 Epoch: 5 	Batch 1100: {'loss': 0.16418702900409698, 'reconstruction_output_loss': 0.0444989912211895, 'classification_output_loss': 0.19410903751850128}
2023-07-20 13:07:05,300 Epoch: 5 	Batch 1200: {'loss': 0.12332844734191895, 'reconstruction_output_loss': 0.045753221958875656, 'classification_output_loss': 0.1427222490310669}
2023-07-20 13:08:58,938 Epoch: 5 	Batch 1300: {'loss': 0.22532148659229279, 'reconstruction_output_loss': 0.04424276575446129, 'classification_output_loss': 0.2705911695957184}
2023-07-20 13:10:52,392 Epoch: 5 	Batch 1400: {'loss': 0.26961562037467957, 'reconstruction_output_loss': 0.04617614671587944, 'classification_output_loss': 0.3254754841327667}
2023-07-20 13:11:26,688 Epoch time 1620.4882383346558
2023-07-20 13:11:26,688 Saving models
2023-07-20 13:11:31,853 =====EPOCH 6=====
2023-07-20 13:11:32,985 Epoch: 6 	Batch 0: {'loss': 0.2440074384212494, 'reconstruction_output_loss': 0.04234355688095093, 'classification_output_loss': 0.2944234013557434}
2023-07-20 13:13:27,217 Epoch: 6 	Batch 100: {'loss': 0.24748924374580383, 'reconstruction_output_loss': 0.04712400212883949, 'classification_output_loss': 0.2975805401802063}
2023-07-20 13:15:20,305 Epoch: 6 	Batch 200: {'loss': 0.31160274147987366, 'reconstruction_output_loss': 0.04528707265853882, 'classification_output_loss': 0.37818166613578796}
2023-07-20 13:17:12,788 Epoch: 6 	Batch 300: {'loss': 0.4052785336971283, 'reconstruction_output_loss': 0.06023034453392029, 'classification_output_loss': 0.4915405809879303}
2023-07-20 13:19:05,364 Epoch: 6 	Batch 400: {'loss': 0.2500354051589966, 'reconstruction_output_loss': 0.04603319987654686, 'classification_output_loss': 0.30103594064712524}
2023-07-20 13:20:57,764 Epoch: 6 	Batch 500: {'loss': 0.25641509890556335, 'reconstruction_output_loss': 0.04579223319888115, 'classification_output_loss': 0.3090708255767822}
2023-07-20 13:22:50,361 Epoch: 6 	Batch 600: {'loss': 0.16668765246868134, 'reconstruction_output_loss': 0.04872190207242966, 'classification_output_loss': 0.1961790919303894}
2023-07-20 13:24:43,037 Epoch: 6 	Batch 700: {'loss': 0.20242801308631897, 'reconstruction_output_loss': 0.043283652514219284, 'classification_output_loss': 0.2422141134738922}
2023-07-20 13:26:35,759 Epoch: 6 	Batch 800: {'loss': 0.23013870418071747, 'reconstruction_output_loss': 0.04359366372227669, 'classification_output_loss': 0.27677497267723083}
2023-07-20 13:28:28,107 Epoch: 6 	Batch 900: {'loss': 0.19784854352474213, 'reconstruction_output_loss': 0.046440329402685165, 'classification_output_loss': 0.2357005923986435}
2023-07-20 13:30:20,610 Epoch: 6 	Batch 1000: {'loss': 0.21552720665931702, 'reconstruction_output_loss': 0.05145450681447983, 'classification_output_loss': 0.25654536485671997}
2023-07-20 13:32:13,522 Epoch: 6 	Batch 1100: {'loss': 0.14955493807792664, 'reconstruction_output_loss': 0.03943418711423874, 'classification_output_loss': 0.17708511650562286}
2023-07-20 13:34:06,131 Epoch: 6 	Batch 1200: {'loss': 0.10986559092998505, 'reconstruction_output_loss': 0.04285696521401405, 'classification_output_loss': 0.12661774456501007}
2023-07-20 13:35:58,975 Epoch: 6 	Batch 1300: {'loss': 0.2802760899066925, 'reconstruction_output_loss': 0.043742675334215164, 'classification_output_loss': 0.3394094407558441}
2023-07-20 13:37:52,309 Epoch: 6 	Batch 1400: {'loss': 0.2466600239276886, 'reconstruction_output_loss': 0.04397211968898773, 'classification_output_loss': 0.2973319888114929}
2023-07-20 13:38:26,625 Epoch time 1614.7717189788818
2023-07-20 13:38:26,625 Saving models
2023-07-20 13:38:31,815 =====EPOCH 7=====
2023-07-20 13:38:32,975 Epoch: 7 	Batch 0: {'loss': 0.22793810069561005, 'reconstruction_output_loss': 0.04644295945763588, 'classification_output_loss': 0.27331188321113586}
2023-07-20 13:40:27,070 Epoch: 7 	Batch 100: {'loss': 0.29025018215179443, 'reconstruction_output_loss': 0.04590997099876404, 'classification_output_loss': 0.35133522748947144}
2023-07-20 13:42:19,698 Epoch: 7 	Batch 200: {'loss': 0.2604430019855499, 'reconstruction_output_loss': 0.04007479175925255, 'classification_output_loss': 0.3155350685119629}
2023-07-20 13:44:12,786 Epoch: 7 	Batch 300: {'loss': 0.4648958146572113, 'reconstruction_output_loss': 0.04886393994092941, 'classification_output_loss': 0.5689038038253784}
2023-07-20 13:46:05,788 Epoch: 7 	Batch 400: {'loss': 0.2915620505809784, 'reconstruction_output_loss': 0.04610583931207657, 'classification_output_loss': 0.352926105260849}
2023-07-20 13:47:58,891 Epoch: 7 	Batch 500: {'loss': 0.2655753493309021, 'reconstruction_output_loss': 0.04320129007101059, 'classification_output_loss': 0.3211688697338104}
2023-07-20 13:49:51,869 Epoch: 7 	Batch 600: {'loss': 0.16811402142047882, 'reconstruction_output_loss': 0.04530773311853409, 'classification_output_loss': 0.19881558418273926}
2023-07-20 13:51:44,707 Epoch: 7 	Batch 700: {'loss': 0.22862541675567627, 'reconstruction_output_loss': 0.04267056658864021, 'classification_output_loss': 0.27511411905288696}
2023-07-20 13:53:37,694 Epoch: 7 	Batch 800: {'loss': 0.22021210193634033, 'reconstruction_output_loss': 0.04792334511876106, 'classification_output_loss': 0.263284295797348}
2023-07-20 13:55:30,632 Epoch: 7 	Batch 900: {'loss': 0.18065769970417023, 'reconstruction_output_loss': 0.04340049624443054, 'classification_output_loss': 0.21497198939323425}
2023-07-20 13:57:23,588 Epoch: 7 	Batch 1000: {'loss': 0.1965043693780899, 'reconstruction_output_loss': 0.04452281445264816, 'classification_output_loss': 0.2344997525215149}
2023-07-20 13:59:16,658 Epoch: 7 	Batch 1100: {'loss': 0.14366993308067322, 'reconstruction_output_loss': 0.04119448363780975, 'classification_output_loss': 0.16928879916667938}
2023-07-20 14:01:10,177 Epoch: 7 	Batch 1200: {'loss': 0.13462217152118683, 'reconstruction_output_loss': 0.04577545449137688, 'classification_output_loss': 0.15683384239673615}
2023-07-20 14:03:03,537 Epoch: 7 	Batch 1300: {'loss': 0.208012655377388, 'reconstruction_output_loss': 0.03732186555862427, 'classification_output_loss': 0.25068533420562744}
2023-07-20 14:04:56,770 Epoch: 7 	Batch 1400: {'loss': 0.2713443636894226, 'reconstruction_output_loss': 0.04472770169377327, 'classification_output_loss': 0.3279985189437866}
2023-07-20 14:05:31,300 Epoch time 1619.4846889972687
2023-07-20 14:05:31,300 Saving models
2023-07-20 14:05:36,502 =====EPOCH 8=====
2023-07-20 14:05:37,691 Epoch: 8 	Batch 0: {'loss': 0.2809709310531616, 'reconstruction_output_loss': 0.040943656116724014, 'classification_output_loss': 0.3409777581691742}
2023-07-20 14:07:31,892 Epoch: 8 	Batch 100: {'loss': 0.3031094968318939, 'reconstruction_output_loss': 0.046785470098257065, 'classification_output_loss': 0.36719048023223877}
2023-07-20 14:09:24,754 Epoch: 8 	Batch 200: {'loss': 0.23946239054203033, 'reconstruction_output_loss': 0.040052380412817, 'classification_output_loss': 0.2893148958683014}
2023-07-20 14:11:17,484 Epoch: 8 	Batch 300: {'loss': 0.41493719816207886, 'reconstruction_output_loss': 0.04458842799067497, 'classification_output_loss': 0.5075243711471558}
2023-07-20 14:13:10,339 Epoch: 8 	Batch 400: {'loss': 0.19943155348300934, 'reconstruction_output_loss': 0.0424867682158947, 'classification_output_loss': 0.23866774141788483}
2023-07-20 14:15:03,127 Epoch: 8 	Batch 500: {'loss': 0.2866775095462799, 'reconstruction_output_loss': 0.04030146449804306, 'classification_output_loss': 0.3482714891433716}
2023-07-20 14:16:55,729 Epoch: 8 	Batch 600: {'loss': 0.16911925375461578, 'reconstruction_output_loss': 0.04223533719778061, 'classification_output_loss': 0.20084023475646973}
2023-07-20 14:18:48,534 Epoch: 8 	Batch 700: {'loss': 0.24074003100395203, 'reconstruction_output_loss': 0.03956979140639305, 'classification_output_loss': 0.2910325825214386}
2023-07-20 14:20:41,334 Epoch: 8 	Batch 800: {'loss': 0.19256488978862762, 'reconstruction_output_loss': 0.041042767465114594, 'classification_output_loss': 0.23044541478157043}
2023-07-20 14:22:34,112 Epoch: 8 	Batch 900: {'loss': 0.13118349015712738, 'reconstruction_output_loss': 0.04289961978793144, 'classification_output_loss': 0.1532544642686844}
2023-07-20 14:24:26,945 Epoch: 8 	Batch 1000: {'loss': 0.2075074464082718, 'reconstruction_output_loss': 0.047222841531038284, 'classification_output_loss': 0.24757859110832214}
2023-07-20 14:26:19,917 Epoch: 8 	Batch 1100: {'loss': 0.1245826855301857, 'reconstruction_output_loss': 0.038024306297302246, 'classification_output_loss': 0.1462222784757614}
2023-07-20 14:28:13,580 Epoch: 8 	Batch 1200: {'loss': 0.07806656509637833, 'reconstruction_output_loss': 0.04225172847509384, 'classification_output_loss': 0.08702027797698975}
2023-07-20 14:30:07,006 Epoch: 8 	Batch 1300: {'loss': 0.1892048567533493, 'reconstruction_output_loss': 0.04035623371601105, 'classification_output_loss': 0.22641701996326447}
2023-07-20 14:32:00,403 Epoch: 8 	Batch 1400: {'loss': 0.2785469591617584, 'reconstruction_output_loss': 0.03804299607872963, 'classification_output_loss': 0.3386729657649994}
2023-07-20 14:32:34,882 Epoch time 1618.38006234169
2023-07-20 14:32:34,882 Saving models
2023-07-20 14:32:40,119 =====EPOCH 9=====
2023-07-20 14:32:41,312 Epoch: 9 	Batch 0: {'loss': 0.20496360957622528, 'reconstruction_output_loss': 0.04258774220943451, 'classification_output_loss': 0.24555757641792297}
2023-07-20 14:34:36,040 Epoch: 9 	Batch 100: {'loss': 0.21091870963573456, 'reconstruction_output_loss': 0.04483877122402191, 'classification_output_loss': 0.2524386942386627}
2023-07-20 14:36:29,017 Epoch: 9 	Batch 200: {'loss': 0.27453771233558655, 'reconstruction_output_loss': 0.038084208965301514, 'classification_output_loss': 0.333651065826416}
2023-07-20 14:38:21,631 Epoch: 9 	Batch 300: {'loss': 0.4275323748588562, 'reconstruction_output_loss': 0.0482465997338295, 'classification_output_loss': 0.5223538279533386}
2023-07-20 14:40:14,509 Epoch: 9 	Batch 400: {'loss': 0.23140069842338562, 'reconstruction_output_loss': 0.03781566768884659, 'classification_output_loss': 0.2797969579696655}
2023-07-20 14:42:08,052 Epoch: 9 	Batch 500: {'loss': 0.2514365315437317, 'reconstruction_output_loss': 0.0402739979326725, 'classification_output_loss': 0.30422717332839966}
2023-07-20 14:44:00,710 Epoch: 9 	Batch 600: {'loss': 0.14014390110969543, 'reconstruction_output_loss': 0.04290660470724106, 'classification_output_loss': 0.16445320844650269}
2023-07-20 14:45:53,745 Epoch: 9 	Batch 700: {'loss': 0.13822804391384125, 'reconstruction_output_loss': 0.03742542862892151, 'classification_output_loss': 0.1634286791086197}
2023-07-20 14:47:46,524 Epoch: 9 	Batch 800: {'loss': 0.15988969802856445, 'reconstruction_output_loss': 0.03838539123535156, 'classification_output_loss': 0.19026577472686768}
2023-07-20 14:49:39,093 Epoch: 9 	Batch 900: {'loss': 0.13644810020923615, 'reconstruction_output_loss': 0.04297749698162079, 'classification_output_loss': 0.1598157435655594}
2023-07-20 14:51:31,983 Epoch: 9 	Batch 1000: {'loss': 0.1586848795413971, 'reconstruction_output_loss': 0.042600736021995544, 'classification_output_loss': 0.18770591914653778}
2023-07-20 14:53:25,091 Epoch: 9 	Batch 1100: {'loss': 0.12289594113826752, 'reconstruction_output_loss': 0.03808920830488205, 'classification_output_loss': 0.14409762620925903}
2023-07-20 14:55:18,042 Epoch: 9 	Batch 1200: {'loss': 0.08867570757865906, 'reconstruction_output_loss': 0.04033650830388069, 'classification_output_loss': 0.10076050460338593}
2023-07-20 14:57:11,020 Epoch: 9 	Batch 1300: {'loss': 0.17365479469299316, 'reconstruction_output_loss': 0.039607882499694824, 'classification_output_loss': 0.20716652274131775}
2023-07-20 14:59:04,593 Epoch: 9 	Batch 1400: {'loss': 0.23187780380249023, 'reconstruction_output_loss': 0.039509743452072144, 'classification_output_loss': 0.27996981143951416}
2023-07-20 14:59:39,347 Epoch time 1619.2273225784302
2023-07-20 14:59:39,347 Saving models
2023-07-20 14:59:44,450 =====EPOCH 10=====
2023-07-20 14:59:45,644 Epoch: 10 	Batch 0: {'loss': 0.17644789814949036, 'reconstruction_output_loss': 0.04080812633037567, 'classification_output_loss': 0.21035784482955933}
2023-07-20 15:01:39,834 Epoch: 10 	Batch 100: {'loss': 0.24210436642169952, 'reconstruction_output_loss': 0.03941800072789192, 'classification_output_loss': 0.292775958776474}
2023-07-20 15:03:33,169 Epoch: 10 	Batch 200: {'loss': 0.19064201414585114, 'reconstruction_output_loss': 0.03865639865398407, 'classification_output_loss': 0.2286384254693985}
2023-07-20 15:05:26,077 Epoch: 10 	Batch 300: {'loss': 0.38210493326187134, 'reconstruction_output_loss': 0.042414627969264984, 'classification_output_loss': 0.467027485370636}
2023-07-20 15:07:19,060 Epoch: 10 	Batch 400: {'loss': 0.1912975162267685, 'reconstruction_output_loss': 0.03866173326969147, 'classification_output_loss': 0.22945645451545715}
2023-07-20 15:09:11,529 Epoch: 10 	Batch 500: {'loss': 0.20707125961780548, 'reconstruction_output_loss': 0.04119833558797836, 'classification_output_loss': 0.24853947758674622}
2023-07-20 15:11:04,218 Epoch: 10 	Batch 600: {'loss': 0.10122150182723999, 'reconstruction_output_loss': 0.042058855295181274, 'classification_output_loss': 0.11601215600967407}
2023-07-20 15:12:56,595 Epoch: 10 	Batch 700: {'loss': 0.206895112991333, 'reconstruction_output_loss': 0.038745418190956116, 'classification_output_loss': 0.24893254041671753}
2023-07-20 15:14:49,410 Epoch: 10 	Batch 800: {'loss': 0.22621499001979828, 'reconstruction_output_loss': 0.04442110285162926, 'classification_output_loss': 0.27166345715522766}
2023-07-20 15:16:42,161 Epoch: 10 	Batch 900: {'loss': 0.13864238560199738, 'reconstruction_output_loss': 0.036415617913007736, 'classification_output_loss': 0.1641990840435028}
2023-07-20 15:18:35,403 Epoch: 10 	Batch 1000: {'loss': 0.16104969382286072, 'reconstruction_output_loss': 0.04269430786371231, 'classification_output_loss': 0.19063854217529297}
2023-07-20 15:20:28,648 Epoch: 10 	Batch 1100: {'loss': 0.20779600739479065, 'reconstruction_output_loss': 0.03727971017360687, 'classification_output_loss': 0.2504250705242157}
2023-07-20 15:22:21,485 Epoch: 10 	Batch 1200: {'loss': 0.09727577120065689, 'reconstruction_output_loss': 0.037745919078588486, 'classification_output_loss': 0.11215823143720627}
2023-07-20 15:24:14,258 Epoch: 10 	Batch 1300: {'loss': 0.20720548927783966, 'reconstruction_output_loss': 0.0395619161427021, 'classification_output_loss': 0.24911637604236603}
2023-07-20 15:26:07,277 Epoch: 10 	Batch 1400: {'loss': 0.3009260892868042, 'reconstruction_output_loss': 0.03789139166474342, 'classification_output_loss': 0.3666847348213196}
2023-07-20 15:26:41,999 Epoch time 1617.5483748912811
2023-07-20 15:26:41,999 Saving models
2023-07-20 15:26:47,151 =====EPOCH 11=====
2023-07-20 15:26:48,320 Epoch: 11 	Batch 0: {'loss': 0.14133955538272858, 'reconstruction_output_loss': 0.04138046130537987, 'classification_output_loss': 0.16632932424545288}
2023-07-20 15:28:43,112 Epoch: 11 	Batch 100: {'loss': 0.22574153542518616, 'reconstruction_output_loss': 0.038847725838422775, 'classification_output_loss': 0.2724649906158447}
2023-07-20 15:30:36,489 Epoch: 11 	Batch 200: {'loss': 0.20074284076690674, 'reconstruction_output_loss': 0.03481783717870712, 'classification_output_loss': 0.2422240823507309}
2023-07-20 15:32:29,279 Epoch: 11 	Batch 300: {'loss': 0.297169953584671, 'reconstruction_output_loss': 0.040084417909383774, 'classification_output_loss': 0.36144131422042847}
2023-07-20 15:34:22,067 Epoch: 11 	Batch 400: {'loss': 0.17543593049049377, 'reconstruction_output_loss': 0.03583792969584465, 'classification_output_loss': 0.21033541858196259}
2023-07-20 15:36:15,418 Epoch: 11 	Batch 500: {'loss': 0.1436595916748047, 'reconstruction_output_loss': 0.038397736847400665, 'classification_output_loss': 0.16997504234313965}
2023-07-20 15:38:08,653 Epoch: 11 	Batch 600: {'loss': 0.11680983752012253, 'reconstruction_output_loss': 0.04226638376712799, 'classification_output_loss': 0.135445699095726}
2023-07-20 15:40:01,599 Epoch: 11 	Batch 700: {'loss': 0.0947268009185791, 'reconstruction_output_loss': 0.03811227157711983, 'classification_output_loss': 0.1088804304599762}
2023-07-20 15:41:54,569 Epoch: 11 	Batch 800: {'loss': 0.18838447332382202, 'reconstruction_output_loss': 0.0349966436624527, 'classification_output_loss': 0.22673141956329346}
2023-07-20 15:43:47,107 Epoch: 11 	Batch 900: {'loss': 0.1202583909034729, 'reconstruction_output_loss': 0.03505222871899605, 'classification_output_loss': 0.1415599286556244}
2023-07-20 15:45:39,999 Epoch: 11 	Batch 1000: {'loss': 0.1360388994216919, 'reconstruction_output_loss': 0.04068121314048767, 'classification_output_loss': 0.15987831354141235}
2023-07-20 15:47:33,128 Epoch: 11 	Batch 1100: {'loss': 0.10219850391149521, 'reconstruction_output_loss': 0.037156764417886734, 'classification_output_loss': 0.11845894157886505}
2023-07-20 15:49:26,188 Epoch: 11 	Batch 1200: {'loss': 0.08275648206472397, 'reconstruction_output_loss': 0.03815573826432228, 'classification_output_loss': 0.09390667080879211}
2023-07-20 15:51:19,587 Epoch: 11 	Batch 1300: {'loss': 0.14425194263458252, 'reconstruction_output_loss': 0.038470830768346786, 'classification_output_loss': 0.17069721221923828}
2023-07-20 15:53:13,033 Epoch: 11 	Batch 1400: {'loss': 0.2725659906864166, 'reconstruction_output_loss': 0.0403984859585762, 'classification_output_loss': 0.3306078314781189}
2023-07-20 15:53:47,900 Epoch time 1620.7495629787445
2023-07-20 15:53:47,901 Saving models
2023-07-20 15:53:53,112 =====EPOCH 12=====
2023-07-20 15:53:54,289 Epoch: 12 	Batch 0: {'loss': 0.16007007658481598, 'reconstruction_output_loss': 0.0367434062063694, 'classification_output_loss': 0.1909017413854599}
2023-07-20 15:55:47,989 Epoch: 12 	Batch 100: {'loss': 0.22869651019573212, 'reconstruction_output_loss': 0.03970486670732498, 'classification_output_loss': 0.27594441175460815}
2023-07-20 15:57:40,655 Epoch: 12 	Batch 200: {'loss': 0.20924675464630127, 'reconstruction_output_loss': 0.035579290241003036, 'classification_output_loss': 0.25266361236572266}
2023-07-20 15:59:33,234 Epoch: 12 	Batch 300: {'loss': 0.2882492244243622, 'reconstruction_output_loss': 0.0386677049100399, 'classification_output_loss': 0.350644588470459}
2023-07-20 16:01:26,001 Epoch: 12 	Batch 400: {'loss': 0.15512573719024658, 'reconstruction_output_loss': 0.03676025941967964, 'classification_output_loss': 0.1847171038389206}
2023-07-20 16:03:18,536 Epoch: 12 	Batch 500: {'loss': 0.18421679735183716, 'reconstruction_output_loss': 0.03777223080396652, 'classification_output_loss': 0.22082793712615967}
2023-07-20 16:05:11,125 Epoch: 12 	Batch 600: {'loss': 0.10856641829013824, 'reconstruction_output_loss': 0.040924958884716034, 'classification_output_loss': 0.12547677755355835}
2023-07-20 16:07:03,975 Epoch: 12 	Batch 700: {'loss': 0.09097357839345932, 'reconstruction_output_loss': 0.03507991507649422, 'classification_output_loss': 0.10494699329137802}
2023-07-20 16:08:56,581 Epoch: 12 	Batch 800: {'loss': 0.10565012693405151, 'reconstruction_output_loss': 0.036126330494880676, 'classification_output_loss': 0.12303107231855392}
2023-07-20 16:10:49,195 Epoch: 12 	Batch 900: {'loss': 0.08483124524354935, 'reconstruction_output_loss': 0.03862304985523224, 'classification_output_loss': 0.09638328850269318}
2023-07-20 16:12:41,866 Epoch: 12 	Batch 1000: {'loss': 0.09523371607065201, 'reconstruction_output_loss': 0.03792667016386986, 'classification_output_loss': 0.10956047475337982}
2023-07-20 16:14:34,819 Epoch: 12 	Batch 1100: {'loss': 0.1264827400445938, 'reconstruction_output_loss': 0.036620188504457474, 'classification_output_loss': 0.14894837141036987}
2023-07-20 16:16:28,015 Epoch: 12 	Batch 1200: {'loss': 0.09082695096731186, 'reconstruction_output_loss': 0.03880186751484871, 'classification_output_loss': 0.10383322089910507}
2023-07-20 16:18:21,048 Epoch: 12 	Batch 1300: {'loss': 0.06480097025632858, 'reconstruction_output_loss': 0.038451217114925385, 'classification_output_loss': 0.07138840854167938}
2023-07-20 16:20:14,325 Epoch: 12 	Batch 1400: {'loss': 0.15458615124225616, 'reconstruction_output_loss': 0.03869470953941345, 'classification_output_loss': 0.18355900049209595}
2023-07-20 16:20:49,253 Epoch time 1616.1404945850372
2023-07-20 16:20:49,253 Saving models
2023-07-20 16:20:54,761 =====EPOCH 13=====
2023-07-20 16:20:55,957 Epoch: 13 	Batch 0: {'loss': 0.1497635543346405, 'reconstruction_output_loss': 0.03544565290212631, 'classification_output_loss': 0.1783430278301239}
2023-07-20 16:22:50,254 Epoch: 13 	Batch 100: {'loss': 0.18862926959991455, 'reconstruction_output_loss': 0.038051050156354904, 'classification_output_loss': 0.2262738049030304}
2023-07-20 16:24:42,543 Epoch: 13 	Batch 200: {'loss': 0.17868861556053162, 'reconstruction_output_loss': 0.033834464848041534, 'classification_output_loss': 0.21490216255187988}
2023-07-20 16:26:35,346 Epoch: 13 	Batch 300: {'loss': 0.25924158096313477, 'reconstruction_output_loss': 0.03601923584938049, 'classification_output_loss': 0.31504714488983154}
2023-07-20 16:28:28,313 Epoch: 13 	Batch 400: {'loss': 0.11509077996015549, 'reconstruction_output_loss': 0.03805769979953766, 'classification_output_loss': 0.1343490481376648}
2023-07-20 16:30:21,412 Epoch: 13 	Batch 500: {'loss': 0.18122759461402893, 'reconstruction_output_loss': 0.039703212678432465, 'classification_output_loss': 0.2166087031364441}
2023-07-20 16:32:13,927 Epoch: 13 	Batch 600: {'loss': 0.1291736364364624, 'reconstruction_output_loss': 0.0367942713201046, 'classification_output_loss': 0.15226846933364868}
2023-07-20 16:34:06,766 Epoch: 13 	Batch 700: {'loss': 0.1292538195848465, 'reconstruction_output_loss': 0.03670359402894974, 'classification_output_loss': 0.15239137411117554}
2023-07-20 16:35:59,817 Epoch: 13 	Batch 800: {'loss': 0.20875489711761475, 'reconstruction_output_loss': 0.03527004271745682, 'classification_output_loss': 0.2521260976791382}
2023-07-20 16:37:52,965 Epoch: 13 	Batch 900: {'loss': 0.08387628942728043, 'reconstruction_output_loss': 0.03358561918139458, 'classification_output_loss': 0.09644895792007446}
2023-07-20 16:39:46,055 Epoch: 13 	Batch 1000: {'loss': 0.1500672847032547, 'reconstruction_output_loss': 0.04123704135417938, 'classification_output_loss': 0.17727483808994293}
2023-07-20 16:41:39,066 Epoch: 13 	Batch 1100: {'loss': 0.21027754247188568, 'reconstruction_output_loss': 0.03706134483218193, 'classification_output_loss': 0.25358158349990845}
2023-07-20 16:43:32,102 Epoch: 13 	Batch 1200: {'loss': 0.08011282235383987, 'reconstruction_output_loss': 0.035706695169210434, 'classification_output_loss': 0.09121435135602951}
2023-07-20 16:45:25,199 Epoch: 13 	Batch 1300: {'loss': 0.05538352206349373, 'reconstruction_output_loss': 0.037507954984903336, 'classification_output_loss': 0.05985241383314133}
2023-07-20 16:47:18,853 Epoch: 13 	Batch 1400: {'loss': 0.18760259449481964, 'reconstruction_output_loss': 0.03651459887623787, 'classification_output_loss': 0.22537457942962646}
2023-07-20 16:47:54,136 Epoch time 1619.3743679523468
2023-07-20 16:47:54,136 Saving models
2023-07-20 16:47:59,381 =====EPOCH 14=====
2023-07-20 16:48:00,519 Epoch: 14 	Batch 0: {'loss': 0.1655677706003189, 'reconstruction_output_loss': 0.03721296042203903, 'classification_output_loss': 0.19765646755695343}
2023-07-20 16:49:54,631 Epoch: 14 	Batch 100: {'loss': 0.17306365072727203, 'reconstruction_output_loss': 0.036615677177906036, 'classification_output_loss': 0.20717564225196838}
2023-07-20 16:51:47,289 Epoch: 14 	Batch 200: {'loss': 0.16635435819625854, 'reconstruction_output_loss': 0.034080855548381805, 'classification_output_loss': 0.1994227170944214}
2023-07-20 16:53:40,003 Epoch: 14 	Batch 300: {'loss': 0.23178520798683167, 'reconstruction_output_loss': 0.03949953243136406, 'classification_output_loss': 0.2798566222190857}
2023-07-20 16:55:33,254 Epoch: 14 	Batch 400: {'loss': 0.08312691003084183, 'reconstruction_output_loss': 0.035414550453424454, 'classification_output_loss': 0.0950549989938736}
2023-07-20 16:57:26,309 Epoch: 14 	Batch 500: {'loss': 0.14221853017807007, 'reconstruction_output_loss': 0.03627045080065727, 'classification_output_loss': 0.1687055379152298}
2023-07-20 16:59:19,044 Epoch: 14 	Batch 600: {'loss': 0.07755212485790253, 'reconstruction_output_loss': 0.040072012692689896, 'classification_output_loss': 0.08692215383052826}
2023-07-20 17:01:11,367 Epoch: 14 	Batch 700: {'loss': 0.09885503351688385, 'reconstruction_output_loss': 0.03338807076215744, 'classification_output_loss': 0.1152217760682106}
2023-07-20 17:03:04,367 Epoch: 14 	Batch 800: {'loss': 0.0760585367679596, 'reconstruction_output_loss': 0.033021245151758194, 'classification_output_loss': 0.08681786060333252}
2023-07-20 17:04:57,198 Epoch: 14 	Batch 900: {'loss': 0.09230662882328033, 'reconstruction_output_loss': 0.0364764966070652, 'classification_output_loss': 0.1062641590833664}
2023-07-20 17:06:49,878 Epoch: 14 	Batch 1000: {'loss': 0.07954681664705276, 'reconstruction_output_loss': 0.04014802351593971, 'classification_output_loss': 0.08939651399850845}
2023-07-20 17:08:43,065 Epoch: 14 	Batch 1100: {'loss': 0.1204766258597374, 'reconstruction_output_loss': 0.034150928258895874, 'classification_output_loss': 0.14205804467201233}
2023-07-20 17:10:35,901 Epoch: 14 	Batch 1200: {'loss': 0.060575589537620544, 'reconstruction_output_loss': 0.03684283792972565, 'classification_output_loss': 0.06650877743959427}
2023-07-20 17:12:29,482 Epoch: 14 	Batch 1300: {'loss': 0.12398838996887207, 'reconstruction_output_loss': 0.03810761868953705, 'classification_output_loss': 0.14545857906341553}
2023-07-20 17:14:22,747 Epoch: 14 	Batch 1400: {'loss': 0.18856123089790344, 'reconstruction_output_loss': 0.038386356085538864, 'classification_output_loss': 0.2261049449443817}
2023-07-20 17:14:57,779 Epoch time 1618.3974649906158
2023-07-20 17:14:57,779 Saving models
2023-07-20 17:15:02,924 =====EPOCH 15=====
2023-07-20 17:15:04,105 Epoch: 15 	Batch 0: {'loss': 0.12615960836410522, 'reconstruction_output_loss': 0.0358588881790638, 'classification_output_loss': 0.14873479306697845}
2023-07-20 17:16:58,252 Epoch: 15 	Batch 100: {'loss': 0.10763470828533173, 'reconstruction_output_loss': 0.03773065283894539, 'classification_output_loss': 0.1251107156276703}
2023-07-20 17:18:50,820 Epoch: 15 	Batch 200: {'loss': 0.20294921100139618, 'reconstruction_output_loss': 0.035246845334768295, 'classification_output_loss': 0.24487480521202087}
2023-07-20 17:20:43,908 Epoch: 15 	Batch 300: {'loss': 0.24092206358909607, 'reconstruction_output_loss': 0.03460189327597618, 'classification_output_loss': 0.29250210523605347}
2023-07-20 17:22:37,282 Epoch: 15 	Batch 400: {'loss': 0.04570697620511055, 'reconstruction_output_loss': 0.03496574983000755, 'classification_output_loss': 0.04839228466153145}
2023-07-20 17:24:30,593 Epoch: 15 	Batch 500: {'loss': 0.17005430161952972, 'reconstruction_output_loss': 0.03866222873330116, 'classification_output_loss': 0.20290231704711914}
2023-07-20 17:26:23,535 Epoch: 15 	Batch 600: {'loss': 0.10621073096990585, 'reconstruction_output_loss': 0.0405145101249218, 'classification_output_loss': 0.12263478338718414}
2023-07-20 17:28:16,945 Epoch: 15 	Batch 700: {'loss': 0.08738400042057037, 'reconstruction_output_loss': 0.036199960857629776, 'classification_output_loss': 0.1001800149679184}
2023-07-20 17:30:10,188 Epoch: 15 	Batch 800: {'loss': 0.08121351152658463, 'reconstruction_output_loss': 0.032309390604496, 'classification_output_loss': 0.09343953430652618}
2023-07-20 17:32:03,499 Epoch: 15 	Batch 900: {'loss': 0.09477999061346054, 'reconstruction_output_loss': 0.0332217738032341, 'classification_output_loss': 0.11016954481601715}
2023-07-20 17:33:56,877 Epoch: 15 	Batch 1000: {'loss': 0.16346900165081024, 'reconstruction_output_loss': 0.0350247286260128, 'classification_output_loss': 0.19558006525039673}
2023-07-20 17:35:50,207 Epoch: 15 	Batch 1100: {'loss': 0.13766643404960632, 'reconstruction_output_loss': 0.03309837728738785, 'classification_output_loss': 0.1638084352016449}
2023-07-20 17:37:43,749 Epoch: 15 	Batch 1200: {'loss': 0.07189156860113144, 'reconstruction_output_loss': 0.034457962960004807, 'classification_output_loss': 0.08124996721744537}
2023-07-20 17:39:37,349 Epoch: 15 	Batch 1300: {'loss': 0.10118457674980164, 'reconstruction_output_loss': 0.03659627214074135, 'classification_output_loss': 0.11733164638280869}
2023-07-20 17:41:31,054 Epoch: 15 	Batch 1400: {'loss': 0.21703968942165375, 'reconstruction_output_loss': 0.03596653416752815, 'classification_output_loss': 0.2623079717159271}
2023-07-20 17:42:06,439 Epoch time 1623.5137903690338
2023-07-20 17:42:06,439 Saving models
2023-07-20 17:42:11,563 =====EPOCH 16=====
2023-07-20 17:42:12,769 Epoch: 16 	Batch 0: {'loss': 0.11455471068620682, 'reconstruction_output_loss': 0.037254542112350464, 'classification_output_loss': 0.13387975096702576}
2023-07-20 17:44:07,532 Epoch: 16 	Batch 100: {'loss': 0.1867186427116394, 'reconstruction_output_loss': 0.034426249563694, 'classification_output_loss': 0.2247917503118515}
2023-07-20 17:46:00,307 Epoch: 16 	Batch 200: {'loss': 0.17859026789665222, 'reconstruction_output_loss': 0.03340711444616318, 'classification_output_loss': 0.21488605439662933}
2023-07-20 17:47:53,851 Epoch: 16 	Batch 300: {'loss': 0.1026134341955185, 'reconstruction_output_loss': 0.034811217337846756, 'classification_output_loss': 0.119563989341259}
2023-07-20 17:49:47,334 Epoch: 16 	Batch 400: {'loss': 0.06405477225780487, 'reconstruction_output_loss': 0.033986564725637436, 'classification_output_loss': 0.07157182693481445}
2023-07-20 17:51:40,918 Epoch: 16 	Batch 500: {'loss': 0.13665449619293213, 'reconstruction_output_loss': 0.03707622364163399, 'classification_output_loss': 0.16154904663562775}
2023-07-20 17:53:34,424 Epoch: 16 	Batch 600: {'loss': 0.09582648426294327, 'reconstruction_output_loss': 0.03560192883014679, 'classification_output_loss': 0.11088261753320694}
2023-07-20 17:55:28,071 Epoch: 16 	Batch 700: {'loss': 0.09212566167116165, 'reconstruction_output_loss': 0.03269948810338974, 'classification_output_loss': 0.10698220133781433}
2023-07-20 17:57:21,843 Epoch: 16 	Batch 800: {'loss': 0.11535754799842834, 'reconstruction_output_loss': 0.03547922521829605, 'classification_output_loss': 0.13532713055610657}
2023-07-20 17:59:15,360 Epoch: 16 	Batch 900: {'loss': 0.050614889711141586, 'reconstruction_output_loss': 0.03528379648923874, 'classification_output_loss': 0.05444766581058502}
2023-07-20 18:01:08,636 Epoch: 16 	Batch 1000: {'loss': 0.10942471027374268, 'reconstruction_output_loss': 0.036741387099027634, 'classification_output_loss': 0.12759554386138916}
2023-07-20 18:03:02,240 Epoch: 16 	Batch 1100: {'loss': 0.11631841212511063, 'reconstruction_output_loss': 0.032622452825307846, 'classification_output_loss': 0.1372424066066742}
2023-07-20 18:04:56,220 Epoch: 16 	Batch 1200: {'loss': 0.09156183898448944, 'reconstruction_output_loss': 0.03382934629917145, 'classification_output_loss': 0.10599495470523834}
2023-07-20 18:06:50,048 Epoch: 16 	Batch 1300: {'loss': 0.04577541723847389, 'reconstruction_output_loss': 0.03490390256047249, 'classification_output_loss': 0.04849329590797424}
2023-07-20 18:08:43,549 Epoch: 16 	Batch 1400: {'loss': 0.22133691608905792, 'reconstruction_output_loss': 0.03768419101834297, 'classification_output_loss': 0.26725009083747864}
2023-07-20 18:09:18,875 Epoch time 1627.311425447464
2023-07-20 18:09:18,875 Saving models
2023-07-20 18:09:24,032 =====EPOCH 17=====
2023-07-20 18:09:25,225 Epoch: 17 	Batch 0: {'loss': 0.09896296262741089, 'reconstruction_output_loss': 0.035053662955760956, 'classification_output_loss': 0.11494027823209763}
2023-07-20 18:11:19,433 Epoch: 17 	Batch 100: {'loss': 0.1351841390132904, 'reconstruction_output_loss': 0.035471007227897644, 'classification_output_loss': 0.1601124107837677}
2023-07-20 18:13:12,432 Epoch: 17 	Batch 200: {'loss': 0.1677948236465454, 'reconstruction_output_loss': 0.031683363020420074, 'classification_output_loss': 0.2018226832151413}
2023-07-20 18:15:05,270 Epoch: 17 	Batch 300: {'loss': 0.17391115427017212, 'reconstruction_output_loss': 0.03233440965414047, 'classification_output_loss': 0.20930534601211548}
2023-07-20 18:16:58,094 Epoch: 17 	Batch 400: {'loss': 0.09541082382202148, 'reconstruction_output_loss': 0.034604400396347046, 'classification_output_loss': 0.1106124296784401}
2023-07-20 18:18:50,903 Epoch: 17 	Batch 500: {'loss': 0.1145465224981308, 'reconstruction_output_loss': 0.03594958037137985, 'classification_output_loss': 0.13419575989246368}
2023-07-20 18:20:43,125 Epoch: 17 	Batch 600: {'loss': 0.0917547270655632, 'reconstruction_output_loss': 0.036103568971157074, 'classification_output_loss': 0.10566751658916473}
2023-07-20 18:22:36,074 Epoch: 17 	Batch 700: {'loss': 0.11898038536310196, 'reconstruction_output_loss': 0.03398704156279564, 'classification_output_loss': 0.14022871851921082}
2023-07-20 18:24:28,761 Epoch: 17 	Batch 800: {'loss': 0.07255273312330246, 'reconstruction_output_loss': 0.03130529820919037, 'classification_output_loss': 0.08286458998918533}
2023-07-20 18:26:21,849 Epoch: 17 	Batch 900: {'loss': 0.04265517741441727, 'reconstruction_output_loss': 0.03257592022418976, 'classification_output_loss': 0.04517499357461929}
2023-07-20 18:28:14,163 Epoch: 17 	Batch 1000: {'loss': 0.09391915798187256, 'reconstruction_output_loss': 0.03637043759226799, 'classification_output_loss': 0.10830633342266083}
2023-07-20 18:30:07,144 Epoch: 17 	Batch 1100: {'loss': 0.08648491650819778, 'reconstruction_output_loss': 0.03441740572452545, 'classification_output_loss': 0.09950179606676102}
2023-07-20 18:32:00,098 Epoch: 17 	Batch 1200: {'loss': 0.08284080773591995, 'reconstruction_output_loss': 0.032122716307640076, 'classification_output_loss': 0.09552032500505447}
2023-07-20 18:33:53,388 Epoch: 17 	Batch 1300: {'loss': 0.09291698038578033, 'reconstruction_output_loss': 0.03520546853542328, 'classification_output_loss': 0.107344850897789}
2023-07-20 18:35:46,463 Epoch: 17 	Batch 1400: {'loss': 0.1363103687763214, 'reconstruction_output_loss': 0.03719332441687584, 'classification_output_loss': 0.16108962893486023}
2023-07-20 18:36:22,157 Epoch time 1618.124913930893
2023-07-20 18:36:22,158 Saving models
2023-07-20 18:36:27,284 =====EPOCH 18=====
2023-07-20 18:36:28,447 Epoch: 18 	Batch 0: {'loss': 0.10928031802177429, 'reconstruction_output_loss': 0.03529909625649452, 'classification_output_loss': 0.1277756243944168}
2023-07-20 18:38:22,793 Epoch: 18 	Batch 100: {'loss': 0.11808192729949951, 'reconstruction_output_loss': 0.036843735724687576, 'classification_output_loss': 0.13839146494865417}
2023-07-20 18:40:16,014 Epoch: 18 	Batch 200: {'loss': 0.13166064023971558, 'reconstruction_output_loss': 0.03384055942296982, 'classification_output_loss': 0.15611565113067627}
2023-07-20 18:42:09,403 Epoch: 18 	Batch 300: {'loss': 0.14917561411857605, 'reconstruction_output_loss': 0.03488723188638687, 'classification_output_loss': 0.1777477115392685}
2023-07-20 18:44:03,105 Epoch: 18 	Batch 400: {'loss': 0.04330325499176979, 'reconstruction_output_loss': 0.03289806470274925, 'classification_output_loss': 0.045904554426670074}
2023-07-20 18:45:56,226 Epoch: 18 	Batch 500: {'loss': 0.10213569551706314, 'reconstruction_output_loss': 0.03727208077907562, 'classification_output_loss': 0.11835159361362457}
2023-07-20 18:47:49,235 Epoch: 18 	Batch 600: {'loss': 0.11639326065778732, 'reconstruction_output_loss': 0.035160332918167114, 'classification_output_loss': 0.13670149445533752}
2023-07-20 18:49:42,503 Epoch: 18 	Batch 700: {'loss': 0.13439317047595978, 'reconstruction_output_loss': 0.03258982300758362, 'classification_output_loss': 0.15984401106834412}
2023-07-20 18:51:36,062 Epoch: 18 	Batch 800: {'loss': 0.10277697443962097, 'reconstruction_output_loss': 0.031199514865875244, 'classification_output_loss': 0.1206713318824768}
2023-07-20 18:53:29,376 Epoch: 18 	Batch 900: {'loss': 0.06396235525608063, 'reconstruction_output_loss': 0.03615332022309303, 'classification_output_loss': 0.0709146112203598}
2023-07-20 18:55:22,930 Epoch: 18 	Batch 1000: {'loss': 0.06348871439695358, 'reconstruction_output_loss': 0.0352446585893631, 'classification_output_loss': 0.07054972648620605}
2023-07-20 18:57:16,679 Epoch: 18 	Batch 1100: {'loss': 0.05038045346736908, 'reconstruction_output_loss': 0.032653920352458954, 'classification_output_loss': 0.05481208488345146}
2023-07-20 18:59:10,543 Epoch: 18 	Batch 1200: {'loss': 0.06767607480287552, 'reconstruction_output_loss': 0.03521040081977844, 'classification_output_loss': 0.07579249143600464}
2023-07-20 19:01:04,469 Epoch: 18 	Batch 1300: {'loss': 0.04668046534061432, 'reconstruction_output_loss': 0.034578319638967514, 'classification_output_loss': 0.049706004559993744}
2023-07-20 19:02:58,219 Epoch: 18 	Batch 1400: {'loss': 0.12177461385726929, 'reconstruction_output_loss': 0.035516560077667236, 'classification_output_loss': 0.1433391273021698}
2023-07-20 19:03:33,907 Epoch time 1626.622794866562
2023-07-20 19:03:33,907 Saving models
2023-07-20 19:03:39,095 =====EPOCH 19=====
2023-07-20 19:03:40,265 Epoch: 19 	Batch 0: {'loss': 0.099803626537323, 'reconstruction_output_loss': 0.03337300196290016, 'classification_output_loss': 0.11641127616167068}
2023-07-20 19:05:34,976 Epoch: 19 	Batch 100: {'loss': 0.2991190254688263, 'reconstruction_output_loss': 0.035417940467596054, 'classification_output_loss': 0.3650442957878113}
2023-07-20 19:07:27,856 Epoch: 19 	Batch 200: {'loss': 0.12005563825368881, 'reconstruction_output_loss': 0.0324813649058342, 'classification_output_loss': 0.14194920659065247}
2023-07-20 19:09:20,942 Epoch: 19 	Batch 300: {'loss': 0.16395173966884613, 'reconstruction_output_loss': 0.03513415902853012, 'classification_output_loss': 0.19615612924098969}
2023-07-20 19:11:13,988 Epoch: 19 	Batch 400: {'loss': 0.05286788195371628, 'reconstruction_output_loss': 0.03154134377837181, 'classification_output_loss': 0.05819951742887497}
2023-07-20 19:13:07,007 Epoch: 19 	Batch 500: {'loss': 0.11112172156572342, 'reconstruction_output_loss': 0.03537602722644806, 'classification_output_loss': 0.1300581395626068}
2023-07-20 19:15:00,425 Epoch: 19 	Batch 600: {'loss': 0.07350923120975494, 'reconstruction_output_loss': 0.03645936772227287, 'classification_output_loss': 0.08277168869972229}
2023-07-20 19:16:53,057 Epoch: 19 	Batch 700: {'loss': 0.1059051901102066, 'reconstruction_output_loss': 0.032036975026130676, 'classification_output_loss': 0.12437224388122559}
2023-07-20 19:18:46,054 Epoch: 19 	Batch 800: {'loss': 0.036716122180223465, 'reconstruction_output_loss': 0.03451430797576904, 'classification_output_loss': 0.037266574800014496}
2023-07-20 19:20:38,556 Epoch: 19 	Batch 900: {'loss': 0.0577542670071125, 'reconstruction_output_loss': 0.032129619270563126, 'classification_output_loss': 0.06416042894124985}
2023-07-20 19:22:31,367 Epoch: 19 	Batch 1000: {'loss': 0.19745418429374695, 'reconstruction_output_loss': 0.03370175138115883, 'classification_output_loss': 0.23839229345321655}
2023-07-20 19:24:24,444 Epoch: 19 	Batch 1100: {'loss': 0.14685530960559845, 'reconstruction_output_loss': 0.032702233642339706, 'classification_output_loss': 0.17539358139038086}
2023-07-20 19:26:17,320 Epoch: 19 	Batch 1200: {'loss': 0.050137706100940704, 'reconstruction_output_loss': 0.03335040062665939, 'classification_output_loss': 0.05433453246951103}
2023-07-20 19:28:10,321 Epoch: 19 	Batch 1300: {'loss': 0.026371952146291733, 'reconstruction_output_loss': 0.03596500679850578, 'classification_output_loss': 0.02397368848323822}
2023-07-20 19:30:03,499 Epoch: 19 	Batch 1400: {'loss': 0.1191282570362091, 'reconstruction_output_loss': 0.03330232575535774, 'classification_output_loss': 0.14058473706245422}
2023-07-20 19:30:39,167 Epoch time 1620.0712921619415
2023-07-20 19:30:39,167 Saving models
2023-07-20 19:30:44,388 =====EPOCH 20=====
2023-07-20 19:30:45,545 Epoch: 20 	Batch 0: {'loss': 0.05947752296924591, 'reconstruction_output_loss': 0.03482324257493019, 'classification_output_loss': 0.06564109027385712}
2023-07-20 19:32:39,548 Epoch: 20 	Batch 100: {'loss': 0.11494797468185425, 'reconstruction_output_loss': 0.03462812677025795, 'classification_output_loss': 0.1350279301404953}
2023-07-20 19:34:31,693 Epoch: 20 	Batch 200: {'loss': 0.1424938440322876, 'reconstruction_output_loss': 0.03118753246963024, 'classification_output_loss': 0.17032042145729065}
2023-07-20 19:36:24,624 Epoch: 20 	Batch 300: {'loss': 0.07627629488706589, 'reconstruction_output_loss': 0.03423157334327698, 'classification_output_loss': 0.08678746968507767}
2023-07-20 19:38:17,354 Epoch: 20 	Batch 400: {'loss': 0.07138388603925705, 'reconstruction_output_loss': 0.03347275033593178, 'classification_output_loss': 0.08086167275905609}
2023-07-20 19:40:10,159 Epoch: 20 	Batch 500: {'loss': 0.1870720237493515, 'reconstruction_output_loss': 0.03721155226230621, 'classification_output_loss': 0.22453713417053223}
2023-07-20 19:42:03,182 Epoch: 20 	Batch 600: {'loss': 0.07719466090202332, 'reconstruction_output_loss': 0.035190749913454056, 'classification_output_loss': 0.0876956358551979}
2023-07-20 19:43:56,349 Epoch: 20 	Batch 700: {'loss': 0.07116176187992096, 'reconstruction_output_loss': 0.03498733043670654, 'classification_output_loss': 0.08020536601543427}
2023-07-20 19:45:49,185 Epoch: 20 	Batch 800: {'loss': 0.07228537648916245, 'reconstruction_output_loss': 0.03786013647913933, 'classification_output_loss': 0.0808916836977005}
2023-07-20 19:47:41,895 Epoch: 20 	Batch 900: {'loss': 0.03138502314686775, 'reconstruction_output_loss': 0.03081977181136608, 'classification_output_loss': 0.031526338309049606}
2023-07-20 19:49:34,800 Epoch: 20 	Batch 1000: {'loss': 0.12199483811855316, 'reconstruction_output_loss': 0.03452729806303978, 'classification_output_loss': 0.14386172592639923}
2023-07-20 19:51:27,695 Epoch: 20 	Batch 1100: {'loss': 0.09167821705341339, 'reconstruction_output_loss': 0.03341304510831833, 'classification_output_loss': 0.10624450445175171}
2023-07-20 19:53:20,422 Epoch: 20 	Batch 1200: {'loss': 0.05393319949507713, 'reconstruction_output_loss': 0.032527241855859756, 'classification_output_loss': 0.05928468704223633}
2023-07-20 19:55:13,571 Epoch: 20 	Batch 1300: {'loss': 0.06829115003347397, 'reconstruction_output_loss': 0.033506810665130615, 'classification_output_loss': 0.07698723673820496}
2023-07-20 19:57:06,570 Epoch: 20 	Batch 1400: {'loss': 0.15420787036418915, 'reconstruction_output_loss': 0.03199955075979233, 'classification_output_loss': 0.1847599446773529}
2023-07-20 19:57:42,625 Epoch time 1618.2372975349426
2023-07-20 19:57:42,626 Saving models
2023-07-20 19:57:47,844 =====EPOCH 21=====
2023-07-20 19:57:49,006 Epoch: 21 	Batch 0: {'loss': 0.061068419367074966, 'reconstruction_output_loss': 0.032927509397268295, 'classification_output_loss': 0.06810364872217178}
2023-07-20 19:59:42,715 Epoch: 21 	Batch 100: {'loss': 0.14419212937355042, 'reconstruction_output_loss': 0.03411858156323433, 'classification_output_loss': 0.17171050608158112}
2023-07-20 20:01:35,511 Epoch: 21 	Batch 200: {'loss': 0.09561824798583984, 'reconstruction_output_loss': 0.03152599185705185, 'classification_output_loss': 0.11164131760597229}
2023-07-20 20:03:28,479 Epoch: 21 	Batch 300: {'loss': 0.11262689530849457, 'reconstruction_output_loss': 0.03505520150065422, 'classification_output_loss': 0.13201981782913208}
2023-07-20 20:05:21,065 Epoch: 21 	Batch 400: {'loss': 0.06759407371282578, 'reconstruction_output_loss': 0.031089110299944878, 'classification_output_loss': 0.07672031223773956}
2023-07-20 20:07:13,388 Epoch: 21 	Batch 500: {'loss': 0.08310403674840927, 'reconstruction_output_loss': 0.038931578397750854, 'classification_output_loss': 0.09414714574813843}
2023-07-20 20:09:05,952 Epoch: 21 	Batch 600: {'loss': 0.1814734935760498, 'reconstruction_output_loss': 0.03407571464776993, 'classification_output_loss': 0.21832293272018433}
2023-07-20 20:10:58,581 Epoch: 21 	Batch 700: {'loss': 0.06646566092967987, 'reconstruction_output_loss': 0.03125086799263954, 'classification_output_loss': 0.07526935636997223}
2023-07-20 20:12:51,196 Epoch: 21 	Batch 800: {'loss': 0.05929362773895264, 'reconstruction_output_loss': 0.03366173803806305, 'classification_output_loss': 0.06570159643888474}
2023-07-20 20:14:43,997 Epoch: 21 	Batch 900: {'loss': 0.04584398493170738, 'reconstruction_output_loss': 0.03022826462984085, 'classification_output_loss': 0.04974791407585144}
2023-07-20 20:16:36,680 Epoch: 21 	Batch 1000: {'loss': 0.026962626725435257, 'reconstruction_output_loss': 0.03354572132229805, 'classification_output_loss': 0.02531685307621956}
2023-07-20 20:18:30,261 Epoch: 21 	Batch 1100: {'loss': 0.04202445596456528, 'reconstruction_output_loss': 0.03209308907389641, 'classification_output_loss': 0.04450729489326477}
2023-07-20 20:20:23,162 Epoch: 21 	Batch 1200: {'loss': 0.06016867980360985, 'reconstruction_output_loss': 0.0331023633480072, 'classification_output_loss': 0.06693525612354279}
2023-07-20 20:22:16,586 Epoch: 21 	Batch 1300: {'loss': 0.0338607057929039, 'reconstruction_output_loss': 0.035624049603939056, 'classification_output_loss': 0.03341986984014511}
2023-07-20 20:24:09,725 Epoch: 21 	Batch 1400: {'loss': 0.12642325460910797, 'reconstruction_output_loss': 0.035245221108198166, 'classification_output_loss': 0.14921775460243225}
2023-07-20 20:24:45,752 Epoch time 1617.9075000286102
2023-07-20 20:24:45,752 Saving models
2023-07-20 20:24:51,196 =====EPOCH 22=====
2023-07-20 20:24:52,307 Epoch: 22 	Batch 0: {'loss': 0.08758122473955154, 'reconstruction_output_loss': 0.033740926533937454, 'classification_output_loss': 0.10104130208492279}
2023-07-20 20:26:46,497 Epoch: 22 	Batch 100: {'loss': 0.19677257537841797, 'reconstruction_output_loss': 0.034826841205358505, 'classification_output_loss': 0.23725900053977966}
2023-07-20 20:28:39,278 Epoch: 22 	Batch 200: {'loss': 0.06031036376953125, 'reconstruction_output_loss': 0.033989712595939636, 'classification_output_loss': 0.06689052283763885}
2023-07-20 20:30:31,860 Epoch: 22 	Batch 300: {'loss': 0.11026149243116379, 'reconstruction_output_loss': 0.03462578356266022, 'classification_output_loss': 0.12917041778564453}
2023-07-20 20:32:24,632 Epoch: 22 	Batch 400: {'loss': 0.038770731538534164, 'reconstruction_output_loss': 0.03362632542848587, 'classification_output_loss': 0.04005683213472366}
2023-07-20 20:34:17,441 Epoch: 22 	Batch 500: {'loss': 0.09456061571836472, 'reconstruction_output_loss': 0.03585880994796753, 'classification_output_loss': 0.10923606157302856}
2023-07-20 20:36:10,434 Epoch: 22 	Batch 600: {'loss': 0.05696142092347145, 'reconstruction_output_loss': 0.036394622176885605, 'classification_output_loss': 0.06210312247276306}
2023-07-20 20:38:03,241 Epoch: 22 	Batch 700: {'loss': 0.0696796402335167, 'reconstruction_output_loss': 0.03076046332716942, 'classification_output_loss': 0.07940942794084549}
2023-07-20 20:39:56,483 Epoch: 22 	Batch 800: {'loss': 0.02108902856707573, 'reconstruction_output_loss': 0.030881591141223907, 'classification_output_loss': 0.01864088699221611}
2023-07-20 20:41:49,303 Epoch: 22 	Batch 900: {'loss': 0.08310297131538391, 'reconstruction_output_loss': 0.03084215521812439, 'classification_output_loss': 0.09616817533969879}
2023-07-20 20:43:41,518 Epoch: 22 	Batch 1000: {'loss': 0.043257586658000946, 'reconstruction_output_loss': 0.036562513560056686, 'classification_output_loss': 0.04493135213851929}
2023-07-20 20:45:34,865 Epoch: 22 	Batch 1100: {'loss': 0.052154503762722015, 'reconstruction_output_loss': 0.033078111708164215, 'classification_output_loss': 0.05692359805107117}
2023-07-20 20:47:27,797 Epoch: 22 	Batch 1200: {'loss': 0.07050070911645889, 'reconstruction_output_loss': 0.033394332975149155, 'classification_output_loss': 0.0797773003578186}
2023-07-20 20:49:20,874 Epoch: 22 	Batch 1300: {'loss': 0.21923884749412537, 'reconstruction_output_loss': 0.03559154272079468, 'classification_output_loss': 0.26515066623687744}
2023-07-20 20:51:14,344 Epoch: 22 	Batch 1400: {'loss': 0.08317192643880844, 'reconstruction_output_loss': 0.03212480992078781, 'classification_output_loss': 0.0959337055683136}
2023-07-20 20:51:50,386 Epoch time 1619.1898174285889
2023-07-20 20:51:50,387 Saving models
2023-07-20 20:51:55,509 =====EPOCH 23=====
2023-07-20 20:51:56,648 Epoch: 23 	Batch 0: {'loss': 0.06725228577852249, 'reconstruction_output_loss': 0.03212438151240349, 'classification_output_loss': 0.07603426277637482}
2023-07-20 20:53:50,703 Epoch: 23 	Batch 100: {'loss': 0.1279750019311905, 'reconstruction_output_loss': 0.036037664860486984, 'classification_output_loss': 0.1509593278169632}
2023-07-20 20:55:43,223 Epoch: 23 	Batch 200: {'loss': 0.12811511754989624, 'reconstruction_output_loss': 0.03233812376856804, 'classification_output_loss': 0.1520593762397766}
2023-07-20 20:57:36,014 Epoch: 23 	Batch 300: {'loss': 0.09648360311985016, 'reconstruction_output_loss': 0.03382420167326927, 'classification_output_loss': 0.1121484562754631}
2023-07-20 20:59:28,947 Epoch: 23 	Batch 400: {'loss': 0.044306330382823944, 'reconstruction_output_loss': 0.03210686892271042, 'classification_output_loss': 0.047356195747852325}
2023-07-20 21:01:21,816 Epoch: 23 	Batch 500: {'loss': 0.133668914437294, 'reconstruction_output_loss': 0.03552684932947159, 'classification_output_loss': 0.15820443630218506}
2023-07-20 21:03:14,520 Epoch: 23 	Batch 600: {'loss': 0.09413252770900726, 'reconstruction_output_loss': 0.03320109844207764, 'classification_output_loss': 0.10936538875102997}
2023-07-20 21:05:07,496 Epoch: 23 	Batch 700: {'loss': 0.06149934604763985, 'reconstruction_output_loss': 0.033600445836782455, 'classification_output_loss': 0.06847406923770905}
2023-07-20 21:07:00,486 Epoch: 23 	Batch 800: {'loss': 0.01650797389447689, 'reconstruction_output_loss': 0.0358118936419487, 'classification_output_loss': 0.011681994423270226}
2023-07-20 21:08:52,980 Epoch: 23 	Batch 900: {'loss': 0.016513099893927574, 'reconstruction_output_loss': 0.02993757463991642, 'classification_output_loss': 0.013156980276107788}
2023-07-20 21:10:45,679 Epoch: 23 	Batch 1000: {'loss': 0.04137749969959259, 'reconstruction_output_loss': 0.03348866105079651, 'classification_output_loss': 0.04334970936179161}
2023-07-20 21:12:38,470 Epoch: 23 	Batch 1100: {'loss': 0.0535375140607357, 'reconstruction_output_loss': 0.03205493465065956, 'classification_output_loss': 0.05890815705060959}
2023-07-20 21:14:31,395 Epoch: 23 	Batch 1200: {'loss': 0.041490763425827026, 'reconstruction_output_loss': 0.03532158210873604, 'classification_output_loss': 0.04303305596113205}
2023-07-20 21:16:24,816 Epoch: 23 	Batch 1300: {'loss': 0.024701427668333054, 'reconstruction_output_loss': 0.032613564282655716, 'classification_output_loss': 0.02272339165210724}
2023-07-20 21:18:17,697 Epoch: 23 	Batch 1400: {'loss': 0.10270911455154419, 'reconstruction_output_loss': 0.0350232869386673, 'classification_output_loss': 0.11963056772947311}
2023-07-20 21:18:54,402 Epoch time 1618.893185377121
2023-07-20 21:18:54,403 Saving models
2023-07-20 21:18:59,572 =====EPOCH 24=====
2023-07-20 21:19:00,771 Epoch: 24 	Batch 0: {'loss': 0.08507130295038223, 'reconstruction_output_loss': 0.032901402562856674, 'classification_output_loss': 0.0981137752532959}
2023-07-20 21:20:54,640 Epoch: 24 	Batch 100: {'loss': 0.05952690169215202, 'reconstruction_output_loss': 0.033708538860082626, 'classification_output_loss': 0.06598149240016937}
2023-07-20 21:22:47,292 Epoch: 24 	Batch 200: {'loss': 0.09430397301912308, 'reconstruction_output_loss': 0.03272981941699982, 'classification_output_loss': 0.10969751328229904}
2023-07-20 21:24:39,999 Epoch: 24 	Batch 300: {'loss': 0.041787371039390564, 'reconstruction_output_loss': 0.032629843801259995, 'classification_output_loss': 0.04407675191760063}
2023-07-20 21:26:32,845 Epoch: 24 	Batch 400: {'loss': 0.056794993579387665, 'reconstruction_output_loss': 0.03227510303258896, 'classification_output_loss': 0.06292496621608734}
2023-07-20 21:28:25,892 Epoch: 24 	Batch 500: {'loss': 0.1696862280368805, 'reconstruction_output_loss': 0.03587906062602997, 'classification_output_loss': 0.20313800871372223}
2023-07-20 21:30:18,638 Epoch: 24 	Batch 600: {'loss': 0.12421664595603943, 'reconstruction_output_loss': 0.033774230629205704, 'classification_output_loss': 0.14682725071907043}
2023-07-20 21:32:11,285 Epoch: 24 	Batch 700: {'loss': 0.03472333401441574, 'reconstruction_output_loss': 0.031621597707271576, 'classification_output_loss': 0.03549876809120178}
2023-07-20 21:34:04,072 Epoch: 24 	Batch 800: {'loss': 0.08988483250141144, 'reconstruction_output_loss': 0.0305795781314373, 'classification_output_loss': 0.1047111451625824}
2023-07-20 21:35:57,142 Epoch: 24 	Batch 900: {'loss': 0.02462218701839447, 'reconstruction_output_loss': 0.029429303482174873, 'classification_output_loss': 0.023420406505465508}
2023-07-20 21:37:49,975 Epoch: 24 	Batch 1000: {'loss': 0.05982223153114319, 'reconstruction_output_loss': 0.032829400151968, 'classification_output_loss': 0.06657043844461441}
2023-07-20 21:39:43,038 Epoch: 24 	Batch 1100: {'loss': 0.10346382856369019, 'reconstruction_output_loss': 0.03146218881011009, 'classification_output_loss': 0.12146423757076263}
2023-07-20 21:41:35,578 Epoch: 24 	Batch 1200: {'loss': 0.11554644256830215, 'reconstruction_output_loss': 0.029542531818151474, 'classification_output_loss': 0.1370474249124527}
2023-07-20 21:43:29,049 Epoch: 24 	Batch 1300: {'loss': 0.0332438200712204, 'reconstruction_output_loss': 0.0333365872502327, 'classification_output_loss': 0.033220626413822174}
2023-07-20 21:45:22,183 Epoch: 24 	Batch 1400: {'loss': 0.14077092707157135, 'reconstruction_output_loss': 0.03330338001251221, 'classification_output_loss': 0.16763781011104584}
2023-07-20 21:45:59,372 Epoch time 1619.7989230155945
2023-07-20 21:45:59,372 Saving models
